<?xml version="1.0" encoding="UTF-8"?>
<testsuite name="projetoteste.AppTest" tests="2" skipped="0" failures="0" errors="0" timestamp="2022-08-25T22:46:44" hostname="DESKTOP-MBSIP5S" time="0.025">
  <properties/>
  <testcase name="Testemedia()" classname="projetoteste.AppTest" time="0.019"/>
  <testcase name="appHasAGreeting()" classname="projetoteste.AppTest" time="0.004"/>
  <system-out><![CDATA[projetoteste.App@6cb107fd
]]></system-out>
  <system-err><![CDATA[]]></system-err>
</testsuite>
